ipilimumab.txt
---------------------------------
Position  Mutation  pH Enrichment
---------------------------------
L32       Y->H      9.066         1
H97       W->H      7.3819        2
H58       Y->H      4.4267        3
H98       L->H      3.6214        4
L96       W->H      3.5399        5
H32       Y->H      3.4169        6
H52A      Y->H      2.6424        7
L91       Y->H      2.1412        8
H100A     F->H      1.977         9
H56       N->H      1.9383       10
H33       T->H      1.7902       11
H53       D->H      1.5864       12
H100      P->H      1.5513       13
L30       S->H      1.1137       14
L94       S->H      1.1055       15
H52       S->H      1.0751       16
H102      Y->H      1.0377       17
L93       S->H      0.9105       18
H50       F->H      0.868        19
H31       S->H      0.7353       20
H99       G->H      0.6662       21
H95       T->H      0.6636       22
L31       S->H      0.6576       23
L28       V->H      0.6149       24
H55       N->H      0.6052       25
H28       T->H      0.5975       26
L54       R->H      0.5934       27
L27A      S->H      0.563        28
H101      D->H      0.551        29
L52       F->H      0.544        30
L53       S->H      0.5332       31
L92       G->H      0.5323       32
H30       S->H      0.5139       33
L50       G->H      0.4668       34
H96       G->H      0.4335       35
L56       T->H      0.3874       36
H61       D->H      0.3674       37
H57       K->H      0.3148       38
L27       Q->H      0.2948       39
H54       G->H      0.2621       40
H27       F->H      0.2553       41
H59       Y->H      0.2455       42
L95       P->H      0.2339       43
L34       A->H      0.2329       44
L90       Q->H      0.2221       45
H64       K->H      0.2128       46
L89       Q->H      0.1795       47
H29       F->H      0.174        48
H34       M->H      0.1626       49
L55       A->H      0.1478       50
L97       T->H      0.1245       51
L29       G->H      0.103        52
L24       R->H      0.0925       53
H62       S->H      0.0736       54
L51       A->H      0.049        55
H60       A->H      0.0428       56
L26       S->H      0.0315       57
L33       L->H      0.0189       58
L25       A->H      0.0162       59
H51       I->H      0.0118       60
H26       G->H      0.0104       61
H63       V->H      0.0078       62
H65       G->H      0.0035       63
